<?xml version="1.0" encoding="utf-8"?>
<CoverageSession xmlns:xsd="http://www.w3.org/2001/XMLSchema" xmlns:xsi="http://www.w3.org/2001/XMLSchema-instance" Version="0.0.0.0">
  <Summary numSequencePoints="122" visitedSequencePoints="120" numBranchPoints="0" visitedBranchPoints="0" sequenceCoverage="98.36" branchCoverage="0.0" maxCyclomaticComplexity="0" minCyclomaticComplexity="0" maxCrapScore="0" minCrapScore="0" visitedClasses="5" numClasses="5" visitedMethods="20" numMethods="20" />
  <Modules>
    <Module>
      <Summary numSequencePoints="96" visitedSequencePoints="96" numBranchPoints="0" visitedBranchPoints="0" sequenceCoverage="100.0" branchCoverage="0.0" maxCyclomaticComplexity="0" minCyclomaticComplexity="0" maxCrapScore="0" minCrapScore="0" visitedClasses="4" numClasses="4" visitedMethods="17" numMethods="17" />
      <ModuleTime>0001-01-01T00:00:00</ModuleTime>
      <ModuleName>EditMode</ModuleName>
      <Files>
        <File uid="3" fullPath="/Users/ayime/Desktop/Code/capstone/CS-26-13/Assets/Tests/EditMode/EditModeTestScript.cs" />
        <File uid="4" fullPath="/Users/ayime/Desktop/Code/capstone/CS-26-13/Assets/Tests/EditMode/PauseButtonTestScript.cs" />
      </Files>
      <Classes>
        <Class>
          <Summary numSequencePoints="93" visitedSequencePoints="93" numBranchPoints="0" visitedBranchPoints="0" sequenceCoverage="100.0" branchCoverage="0.0" maxCyclomaticComplexity="0" minCyclomaticComplexity="0" maxCrapScore="0" minCrapScore="0" visitedClasses="1" numClasses="1" visitedMethods="14" numMethods="14" />
          <FullName>PauseButtonTestScript</FullName>
          <Methods>
            <Method visited="true" cyclomaticComplexity="0" nPathComplexity="0" sequenceCoverage="100.0" branchCoverage="0" crapScore="0" isConstructor="false" isStatic="false" isGetter="false" isSetter="false">
              <Summary numSequencePoints="17" visitedSequencePoints="17" numBranchPoints="0" visitedBranchPoints="0" sequenceCoverage="100.0" branchCoverage="0" maxCyclomaticComplexity="0" minCyclomaticComplexity="0" maxCrapScore="0" minCrapScore="0" visitedClasses="0" numClasses="0" visitedMethods="1" numMethods="1" />
              <MetadataToken>100663300</MetadataToken>
              <Name>System.Void PauseButtonTestScript::Setup()</Name>
              <FileRef uid="4" />
              <SequencePoints>
                <SequencePoint vc="12" uspid="655" ordinal="0" offset="0" sl="20" sc="9" el="20" ec="9" bec="0" bev="0" fileid="4" />
                <SequencePoint vc="12" uspid="656" ordinal="0" offset="16" sl="21" sc="9" el="21" ec="9" bec="0" bev="0" fileid="4" />
                <SequencePoint vc="12" uspid="657" ordinal="0" offset="33" sl="23" sc="9" el="23" ec="9" bec="0" bev="0" fileid="4" />
                <SequencePoint vc="12" uspid="658" ordinal="0" offset="49" sl="24" sc="9" el="24" ec="9" bec="0" bev="0" fileid="4" />
                <SequencePoint vc="12" uspid="659" ordinal="0" offset="65" sl="25" sc="9" el="25" ec="9" bec="0" bev="0" fileid="4" />
                <SequencePoint vc="12" uspid="660" ordinal="0" offset="81" sl="26" sc="9" el="26" ec="9" bec="0" bev="0" fileid="4" />
                <SequencePoint vc="12" uspid="661" ordinal="0" offset="97" sl="29" sc="9" el="29" ec="9" bec="0" bev="0" fileid="4" />
                <SequencePoint vc="12" uspid="662" ordinal="0" offset="119" sl="31" sc="9" el="31" ec="9" bec="0" bev="0" fileid="4" />
                <SequencePoint vc="12" uspid="663" ordinal="0" offset="142" sl="33" sc="9" el="33" ec="9" bec="0" bev="0" fileid="4" />
                <SequencePoint vc="12" uspid="664" ordinal="0" offset="165" sl="35" sc="9" el="35" ec="9" bec="0" bev="0" fileid="4" />
                <SequencePoint vc="12" uspid="665" ordinal="0" offset="188" sl="38" sc="9" el="38" ec="9" bec="0" bev="0" fileid="4" />
                <SequencePoint vc="12" uspid="666" ordinal="0" offset="211" sl="39" sc="9" el="39" ec="9" bec="0" bev="0" fileid="4" />
                <SequencePoint vc="12" uspid="667" ordinal="0" offset="232" sl="40" sc="9" el="40" ec="9" bec="0" bev="0" fileid="4" />
                <SequencePoint vc="12" uspid="668" ordinal="0" offset="253" sl="41" sc="9" el="41" ec="9" bec="0" bev="0" fileid="4" />
                <SequencePoint vc="12" uspid="669" ordinal="0" offset="274" sl="44" sc="9" el="44" ec="9" bec="0" bev="0" fileid="4" />
                <SequencePoint vc="12" uspid="670" ordinal="0" offset="296" sl="46" sc="9" el="46" ec="9" bec="0" bev="0" fileid="4" />
                <SequencePoint vc="12" uspid="671" ordinal="0" offset="314" sl="47" sc="5" el="47" ec="5" bec="0" bev="0" fileid="4" />
              </SequencePoints>
              <BranchPoints />
            </Method>
            <Method visited="true" cyclomaticComplexity="0" nPathComplexity="0" sequenceCoverage="100.0" branchCoverage="0" crapScore="0" isConstructor="false" isStatic="false" isGetter="false" isSetter="false">
              <Summary numSequencePoints="7" visitedSequencePoints="7" numBranchPoints="0" visitedBranchPoints="0" sequenceCoverage="100.0" branchCoverage="0" maxCyclomaticComplexity="0" minCyclomaticComplexity="0" maxCrapScore="0" minCrapScore="0" visitedClasses="0" numClasses="0" visitedMethods="1" numMethods="1" />
              <MetadataToken>100663301</MetadataToken>
              <Name>System.Void PauseButtonTestScript::Teardown()</Name>
              <FileRef uid="4" />
              <SequencePoints>
                <SequencePoint vc="12" uspid="672" ordinal="0" offset="0" sl="53" sc="9" el="53" ec="9" bec="0" bev="0" fileid="4" />
                <SequencePoint vc="12" uspid="673" ordinal="0" offset="11" sl="54" sc="9" el="54" ec="9" bec="0" bev="0" fileid="4" />
                <SequencePoint vc="12" uspid="674" ordinal="0" offset="22" sl="55" sc="9" el="55" ec="9" bec="0" bev="0" fileid="4" />
                <SequencePoint vc="12" uspid="675" ordinal="0" offset="33" sl="56" sc="9" el="56" ec="9" bec="0" bev="0" fileid="4" />
                <SequencePoint vc="12" uspid="676" ordinal="0" offset="44" sl="57" sc="9" el="57" ec="9" bec="0" bev="0" fileid="4" />
                <SequencePoint vc="12" uspid="677" ordinal="0" offset="55" sl="60" sc="9" el="60" ec="9" bec="0" bev="0" fileid="4" />
                <SequencePoint vc="12" uspid="678" ordinal="0" offset="65" sl="61" sc="5" el="61" ec="5" bec="0" bev="0" fileid="4" />
              </SequencePoints>
              <BranchPoints />
            </Method>
            <Method visited="true" cyclomaticComplexity="0" nPathComplexity="0" sequenceCoverage="100.0" branchCoverage="0" crapScore="0" isConstructor="false" isStatic="false" isGetter="false" isSetter="false">
              <Summary numSequencePoints="5" visitedSequencePoints="5" numBranchPoints="0" visitedBranchPoints="0" sequenceCoverage="100.0" branchCoverage="0" maxCyclomaticComplexity="0" minCyclomaticComplexity="0" maxCrapScore="0" minCrapScore="0" visitedClasses="0" numClasses="0" visitedMethods="1" numMethods="1" />
              <MetadataToken>100663302</MetadataToken>
              <Name>System.Void PauseButtonTestScript::PauseMenuManager_CanBeCreated()</Name>
              <FileRef uid="4" />
              <SequencePoints>
                <SequencePoint vc="1" uspid="679" ordinal="0" offset="0" sl="67" sc="9" el="67" ec="9" bec="0" bev="0" fileid="4" />
                <SequencePoint vc="1" uspid="680" ordinal="0" offset="5" sl="68" sc="9" el="68" ec="9" bec="0" bev="0" fileid="4" />
                <SequencePoint vc="1" uspid="681" ordinal="0" offset="11" sl="71" sc="9" el="71" ec="9" bec="0" bev="0" fileid="4" />
                <SequencePoint vc="1" uspid="682" ordinal="0" offset="16" sl="74" sc="9" el="74" ec="9" bec="0" bev="0" fileid="4" />
                <SequencePoint vc="1" uspid="683" ordinal="0" offset="21" sl="75" sc="5" el="75" ec="5" bec="0" bev="0" fileid="4" />
              </SequencePoints>
              <BranchPoints />
            </Method>
            <Method visited="true" cyclomaticComplexity="0" nPathComplexity="0" sequenceCoverage="100.0" branchCoverage="0" crapScore="0" isConstructor="false" isStatic="false" isGetter="false" isSetter="false">
              <Summary numSequencePoints="4" visitedSequencePoints="4" numBranchPoints="0" visitedBranchPoints="0" sequenceCoverage="100.0" branchCoverage="0" maxCyclomaticComplexity="0" minCyclomaticComplexity="0" maxCrapScore="0" minCrapScore="0" visitedClasses="0" numClasses="0" visitedMethods="1" numMethods="1" />
              <MetadataToken>100663303</MetadataToken>
              <Name>System.Void PauseButtonTestScript::InitialState_PauseButtonVisible_MenuHidden()</Name>
              <FileRef uid="4" />
              <SequencePoints>
                <SequencePoint vc="1" uspid="684" ordinal="0" offset="0" sl="81" sc="9" el="81" ec="9" bec="0" bev="0" fileid="4" />
                <SequencePoint vc="1" uspid="685" ordinal="0" offset="26" sl="82" sc="9" el="82" ec="9" bec="0" bev="0" fileid="4" />
                <SequencePoint vc="1" uspid="686" ordinal="0" offset="52" sl="83" sc="9" el="83" ec="9" bec="0" bev="0" fileid="4" />
                <SequencePoint vc="1" uspid="687" ordinal="0" offset="87" sl="84" sc="5" el="84" ec="5" bec="0" bev="0" fileid="4" />
              </SequencePoints>
              <BranchPoints />
            </Method>
            <Method visited="true" cyclomaticComplexity="0" nPathComplexity="0" sequenceCoverage="100.0" branchCoverage="0" crapScore="0" isConstructor="false" isStatic="false" isGetter="false" isSetter="false">
              <Summary numSequencePoints="3" visitedSequencePoints="3" numBranchPoints="0" visitedBranchPoints="0" sequenceCoverage="100.0" branchCoverage="0" maxCyclomaticComplexity="0" minCyclomaticComplexity="0" maxCrapScore="0" minCrapScore="0" visitedClasses="0" numClasses="0" visitedMethods="1" numMethods="1" />
              <MetadataToken>100663304</MetadataToken>
              <Name>System.Void PauseButtonTestScript::PauseGame_FreezesTime()</Name>
              <FileRef uid="4" />
              <SequencePoints>
                <SequencePoint vc="1" uspid="688" ordinal="0" offset="0" sl="90" sc="9" el="90" ec="9" bec="0" bev="0" fileid="4" />
                <SequencePoint vc="1" uspid="689" ordinal="0" offset="11" sl="93" sc="9" el="93" ec="9" bec="0" bev="0" fileid="4" />
                <SequencePoint vc="1" uspid="690" ordinal="0" offset="46" sl="94" sc="5" el="94" ec="5" bec="0" bev="0" fileid="4" />
              </SequencePoints>
              <BranchPoints />
            </Method>
            <Method visited="true" cyclomaticComplexity="0" nPathComplexity="0" sequenceCoverage="100.0" branchCoverage="0" crapScore="0" isConstructor="false" isStatic="false" isGetter="false" isSetter="false">
              <Summary numSequencePoints="4" visitedSequencePoints="4" numBranchPoints="0" visitedBranchPoints="0" sequenceCoverage="100.0" branchCoverage="0" maxCyclomaticComplexity="0" minCyclomaticComplexity="0" maxCrapScore="0" minCrapScore="0" visitedClasses="0" numClasses="0" visitedMethods="1" numMethods="1" />
              <MetadataToken>100663305</MetadataToken>
              <Name>System.Void PauseButtonTestScript::PauseGame_ShowsMenuAndHidesButton()</Name>
              <FileRef uid="4" />
              <SequencePoints>
                <SequencePoint vc="1" uspid="691" ordinal="0" offset="0" sl="100" sc="9" el="100" ec="9" bec="0" bev="0" fileid="4" />
                <SequencePoint vc="1" uspid="692" ordinal="0" offset="11" sl="103" sc="9" el="103" ec="9" bec="0" bev="0" fileid="4" />
                <SequencePoint vc="1" uspid="693" ordinal="0" offset="37" sl="104" sc="9" el="104" ec="9" bec="0" bev="0" fileid="4" />
                <SequencePoint vc="1" uspid="694" ordinal="0" offset="63" sl="105" sc="5" el="105" ec="5" bec="0" bev="0" fileid="4" />
              </SequencePoints>
              <BranchPoints />
            </Method>
            <Method visited="true" cyclomaticComplexity="0" nPathComplexity="0" sequenceCoverage="100.0" branchCoverage="0" crapScore="0" isConstructor="false" isStatic="false" isGetter="false" isSetter="false">
              <Summary numSequencePoints="4" visitedSequencePoints="4" numBranchPoints="0" visitedBranchPoints="0" sequenceCoverage="100.0" branchCoverage="0" maxCyclomaticComplexity="0" minCyclomaticComplexity="0" maxCrapScore="0" minCrapScore="0" visitedClasses="0" numClasses="0" visitedMethods="1" numMethods="1" />
              <MetadataToken>100663306</MetadataToken>
              <Name>System.Void PauseButtonTestScript::ResumeGame_RestoresTimeScale()</Name>
              <FileRef uid="4" />
              <SequencePoints>
                <SequencePoint vc="1" uspid="695" ordinal="0" offset="0" sl="111" sc="9" el="111" ec="9" bec="0" bev="0" fileid="4" />
                <SequencePoint vc="1" uspid="696" ordinal="0" offset="11" sl="114" sc="9" el="114" ec="9" bec="0" bev="0" fileid="4" />
                <SequencePoint vc="1" uspid="697" ordinal="0" offset="22" sl="117" sc="9" el="117" ec="9" bec="0" bev="0" fileid="4" />
                <SequencePoint vc="1" uspid="698" ordinal="0" offset="57" sl="118" sc="5" el="118" ec="5" bec="0" bev="0" fileid="4" />
              </SequencePoints>
              <BranchPoints />
            </Method>
            <Method visited="true" cyclomaticComplexity="0" nPathComplexity="0" sequenceCoverage="100.0" branchCoverage="0" crapScore="0" isConstructor="false" isStatic="false" isGetter="false" isSetter="false">
              <Summary numSequencePoints="5" visitedSequencePoints="5" numBranchPoints="0" visitedBranchPoints="0" sequenceCoverage="100.0" branchCoverage="0" maxCyclomaticComplexity="0" minCyclomaticComplexity="0" maxCrapScore="0" minCrapScore="0" visitedClasses="0" numClasses="0" visitedMethods="1" numMethods="1" />
              <MetadataToken>100663307</MetadataToken>
              <Name>System.Void PauseButtonTestScript::ResumeGame_ShowsButtonAndHidesMenu()</Name>
              <FileRef uid="4" />
              <SequencePoints>
                <SequencePoint vc="1" uspid="699" ordinal="0" offset="0" sl="124" sc="9" el="124" ec="9" bec="0" bev="0" fileid="4" />
                <SequencePoint vc="1" uspid="700" ordinal="0" offset="11" sl="127" sc="9" el="127" ec="9" bec="0" bev="0" fileid="4" />
                <SequencePoint vc="1" uspid="701" ordinal="0" offset="22" sl="130" sc="9" el="130" ec="9" bec="0" bev="0" fileid="4" />
                <SequencePoint vc="1" uspid="702" ordinal="0" offset="48" sl="131" sc="9" el="131" ec="9" bec="0" bev="0" fileid="4" />
                <SequencePoint vc="1" uspid="703" ordinal="0" offset="74" sl="132" sc="5" el="132" ec="5" bec="0" bev="0" fileid="4" />
              </SequencePoints>
              <BranchPoints />
            </Method>
            <Method visited="true" cyclomaticComplexity="0" nPathComplexity="0" sequenceCoverage="100.0" branchCoverage="0" crapScore="0" isConstructor="false" isStatic="false" isGetter="false" isSetter="false">
              <Summary numSequencePoints="13" visitedSequencePoints="13" numBranchPoints="0" visitedBranchPoints="0" sequenceCoverage="100.0" branchCoverage="0" maxCyclomaticComplexity="0" minCyclomaticComplexity="0" maxCrapScore="0" minCrapScore="0" visitedClasses="0" numClasses="0" visitedMethods="1" numMethods="1" />
              <MetadataToken>100663308</MetadataToken>
              <Name>System.Void PauseButtonTestScript::PauseAndResume_TogglesBetweenStates()</Name>
              <FileRef uid="4" />
              <SequencePoints>
                <SequencePoint vc="1" uspid="704" ordinal="0" offset="0" sl="138" sc="9" el="138" ec="9" bec="0" bev="0" fileid="4" />
                <SequencePoint vc="1" uspid="705" ordinal="0" offset="11" sl="139" sc="9" el="139" ec="9" bec="0" bev="0" fileid="4" />
                <SequencePoint vc="1" uspid="706" ordinal="0" offset="36" sl="140" sc="9" el="140" ec="9" bec="0" bev="0" fileid="4" />
                <SequencePoint vc="1" uspid="707" ordinal="0" offset="52" sl="141" sc="9" el="141" ec="9" bec="0" bev="0" fileid="4" />
                <SequencePoint vc="1" uspid="708" ordinal="0" offset="68" sl="144" sc="9" el="144" ec="9" bec="0" bev="0" fileid="4" />
                <SequencePoint vc="1" uspid="709" ordinal="0" offset="79" sl="145" sc="9" el="145" ec="9" bec="0" bev="0" fileid="4" />
                <SequencePoint vc="1" uspid="710" ordinal="0" offset="104" sl="146" sc="9" el="146" ec="9" bec="0" bev="0" fileid="4" />
                <SequencePoint vc="1" uspid="711" ordinal="0" offset="120" sl="147" sc="9" el="147" ec="9" bec="0" bev="0" fileid="4" />
                <SequencePoint vc="1" uspid="712" ordinal="0" offset="136" sl="150" sc="9" el="150" ec="9" bec="0" bev="0" fileid="4" />
                <SequencePoint vc="1" uspid="713" ordinal="0" offset="147" sl="151" sc="9" el="151" ec="9" bec="0" bev="0" fileid="4" />
                <SequencePoint vc="1" uspid="714" ordinal="0" offset="172" sl="152" sc="9" el="152" ec="9" bec="0" bev="0" fileid="4" />
                <SequencePoint vc="1" uspid="715" ordinal="0" offset="188" sl="153" sc="9" el="153" ec="9" bec="0" bev="0" fileid="4" />
                <SequencePoint vc="1" uspid="716" ordinal="0" offset="204" sl="154" sc="5" el="154" ec="5" bec="0" bev="0" fileid="4" />
              </SequencePoints>
              <BranchPoints />
            </Method>
            <Method visited="true" cyclomaticComplexity="0" nPathComplexity="0" sequenceCoverage="100.0" branchCoverage="0" crapScore="0" isConstructor="false" isStatic="false" isGetter="false" isSetter="false">
              <Summary numSequencePoints="5" visitedSequencePoints="5" numBranchPoints="0" visitedBranchPoints="0" sequenceCoverage="100.0" branchCoverage="0" maxCyclomaticComplexity="0" minCyclomaticComplexity="0" maxCrapScore="0" minCrapScore="0" visitedClasses="0" numClasses="0" visitedMethods="1" numMethods="1" />
              <MetadataToken>100663309</MetadataToken>
              <Name>System.Void PauseButtonTestScript::PauseGame_WithNullUI_DoesNotThrowException()</Name>
              <FileRef uid="4" />
              <SequencePoints>
                <SequencePoint vc="1" uspid="717" ordinal="0" offset="5" sl="160" sc="9" el="160" ec="9" bec="0" bev="0" fileid="4" />
                <SequencePoint vc="1" uspid="718" ordinal="0" offset="16" sl="161" sc="9" el="161" ec="9" bec="0" bev="0" fileid="4" />
                <SequencePoint vc="1" uspid="719" ordinal="0" offset="28" sl="164" sc="9" el="164" ec="9" bec="0" bev="0" fileid="4" />
                <SequencePoint vc="1" uspid="720" ordinal="0" offset="54" sl="168" sc="9" el="168" ec="9" bec="0" bev="0" fileid="4" />
                <SequencePoint vc="1" uspid="721" ordinal="0" offset="60" sl="169" sc="5" el="169" ec="5" bec="0" bev="0" fileid="4" />
              </SequencePoints>
              <BranchPoints />
            </Method>
            <Method visited="true" cyclomaticComplexity="0" nPathComplexity="0" sequenceCoverage="100.0" branchCoverage="0" crapScore="0" isConstructor="false" isStatic="false" isGetter="false" isSetter="false">
              <Summary numSequencePoints="5" visitedSequencePoints="5" numBranchPoints="0" visitedBranchPoints="0" sequenceCoverage="100.0" branchCoverage="0" maxCyclomaticComplexity="0" minCyclomaticComplexity="0" maxCrapScore="0" minCrapScore="0" visitedClasses="0" numClasses="0" visitedMethods="1" numMethods="1" />
              <MetadataToken>100663310</MetadataToken>
              <Name>System.Void PauseButtonTestScript::ResumeGame_WithNullUI_DoesNotThrowException()</Name>
              <FileRef uid="4" />
              <SequencePoints>
                <SequencePoint vc="1" uspid="722" ordinal="0" offset="5" sl="175" sc="9" el="175" ec="9" bec="0" bev="0" fileid="4" />
                <SequencePoint vc="1" uspid="723" ordinal="0" offset="16" sl="176" sc="9" el="176" ec="9" bec="0" bev="0" fileid="4" />
                <SequencePoint vc="1" uspid="724" ordinal="0" offset="28" sl="179" sc="9" el="179" ec="9" bec="0" bev="0" fileid="4" />
                <SequencePoint vc="1" uspid="725" ordinal="0" offset="54" sl="183" sc="9" el="183" ec="9" bec="0" bev="0" fileid="4" />
                <SequencePoint vc="1" uspid="726" ordinal="0" offset="60" sl="184" sc="5" el="184" ec="5" bec="0" bev="0" fileid="4" />
              </SequencePoints>
              <BranchPoints />
            </Method>
            <Method visited="true" cyclomaticComplexity="0" nPathComplexity="0" sequenceCoverage="100.0" branchCoverage="0" crapScore="0" isConstructor="false" isStatic="false" isGetter="false" isSetter="false">
              <Summary numSequencePoints="6" visitedSequencePoints="6" numBranchPoints="0" visitedBranchPoints="0" sequenceCoverage="100.0" branchCoverage="0" maxCyclomaticComplexity="0" minCyclomaticComplexity="0" maxCrapScore="0" minCrapScore="0" visitedClasses="0" numClasses="0" visitedMethods="1" numMethods="1" />
              <MetadataToken>100663311</MetadataToken>
              <Name>System.Void PauseButtonTestScript::Start_WithNullUI_DoesNotThrowException()</Name>
              <FileRef uid="4" />
              <SequencePoints>
                <SequencePoint vc="1" uspid="727" ordinal="0" offset="5" sl="190" sc="9" el="190" ec="9" bec="0" bev="0" fileid="4" />
                <SequencePoint vc="1" uspid="728" ordinal="0" offset="11" sl="191" sc="9" el="191" ec="9" bec="0" bev="0" fileid="4" />
                <SequencePoint vc="1" uspid="729" ordinal="0" offset="23" sl="194" sc="9" el="194" ec="9" bec="0" bev="0" fileid="4" />
                <SequencePoint vc="1" uspid="730" ordinal="0" offset="51" sl="197" sc="9" el="197" ec="9" bec="0" bev="0" fileid="4" />
                <SequencePoint vc="1" uspid="731" ordinal="0" offset="77" sl="201" sc="9" el="201" ec="9" bec="0" bev="0" fileid="4" />
                <SequencePoint vc="1" uspid="732" ordinal="0" offset="83" sl="202" sc="5" el="202" ec="5" bec="0" bev="0" fileid="4" />
              </SequencePoints>
              <BranchPoints />
            </Method>
            <Method visited="true" cyclomaticComplexity="0" nPathComplexity="0" sequenceCoverage="100.0" branchCoverage="0" crapScore="0" isConstructor="false" isStatic="false" isGetter="false" isSetter="false">
              <Summary numSequencePoints="7" visitedSequencePoints="7" numBranchPoints="0" visitedBranchPoints="0" sequenceCoverage="100.0" branchCoverage="0" maxCyclomaticComplexity="0" minCyclomaticComplexity="0" maxCrapScore="0" minCrapScore="0" visitedClasses="0" numClasses="0" visitedMethods="1" numMethods="1" />
              <MetadataToken>100663312</MetadataToken>
              <Name>System.Void PauseButtonTestScript::MultiplePauseCalls_MaintainsPausedState()</Name>
              <FileRef uid="4" />
              <SequencePoints>
                <SequencePoint vc="1" uspid="733" ordinal="0" offset="0" sl="208" sc="9" el="208" ec="9" bec="0" bev="0" fileid="4" />
                <SequencePoint vc="1" uspid="734" ordinal="0" offset="11" sl="209" sc="9" el="209" ec="9" bec="0" bev="0" fileid="4" />
                <SequencePoint vc="1" uspid="735" ordinal="0" offset="22" sl="210" sc="9" el="210" ec="9" bec="0" bev="0" fileid="4" />
                <SequencePoint vc="1" uspid="736" ordinal="0" offset="33" sl="213" sc="9" el="213" ec="9" bec="0" bev="0" fileid="4" />
                <SequencePoint vc="1" uspid="737" ordinal="0" offset="68" sl="214" sc="9" el="214" ec="9" bec="0" bev="0" fileid="4" />
                <SequencePoint vc="1" uspid="738" ordinal="0" offset="84" sl="215" sc="9" el="215" ec="9" bec="0" bev="0" fileid="4" />
                <SequencePoint vc="1" uspid="739" ordinal="0" offset="100" sl="216" sc="5" el="216" ec="5" bec="0" bev="0" fileid="4" />
              </SequencePoints>
              <BranchPoints />
            </Method>
            <Method visited="true" cyclomaticComplexity="0" nPathComplexity="0" sequenceCoverage="100.0" branchCoverage="0" crapScore="0" isConstructor="false" isStatic="false" isGetter="false" isSetter="false">
              <Summary numSequencePoints="8" visitedSequencePoints="8" numBranchPoints="0" visitedBranchPoints="0" sequenceCoverage="100.0" branchCoverage="0" maxCyclomaticComplexity="0" minCyclomaticComplexity="0" maxCrapScore="0" minCrapScore="0" visitedClasses="0" numClasses="0" visitedMethods="1" numMethods="1" />
              <MetadataToken>100663313</MetadataToken>
              <Name>System.Void PauseButtonTestScript::MultipleResumeCalls_MaintainsResumedState()</Name>
              <FileRef uid="4" />
              <SequencePoints>
                <SequencePoint vc="1" uspid="740" ordinal="0" offset="0" sl="222" sc="9" el="222" ec="9" bec="0" bev="0" fileid="4" />
                <SequencePoint vc="1" uspid="741" ordinal="0" offset="11" sl="225" sc="9" el="225" ec="9" bec="0" bev="0" fileid="4" />
                <SequencePoint vc="1" uspid="742" ordinal="0" offset="22" sl="226" sc="9" el="226" ec="9" bec="0" bev="0" fileid="4" />
                <SequencePoint vc="1" uspid="743" ordinal="0" offset="33" sl="227" sc="9" el="227" ec="9" bec="0" bev="0" fileid="4" />
                <SequencePoint vc="1" uspid="744" ordinal="0" offset="44" sl="230" sc="9" el="230" ec="9" bec="0" bev="0" fileid="4" />
                <SequencePoint vc="1" uspid="745" ordinal="0" offset="79" sl="231" sc="9" el="231" ec="9" bec="0" bev="0" fileid="4" />
                <SequencePoint vc="1" uspid="746" ordinal="0" offset="95" sl="232" sc="9" el="232" ec="9" bec="0" bev="0" fileid="4" />
                <SequencePoint vc="1" uspid="747" ordinal="0" offset="111" sl="233" sc="5" el="233" ec="5" bec="0" bev="0" fileid="4" />
              </SequencePoints>
              <BranchPoints />
            </Method>
          </Methods>
        </Class>
        <Class>
          <Summary numSequencePoints="1" visitedSequencePoints="1" numBranchPoints="0" visitedBranchPoints="0" sequenceCoverage="100.0" branchCoverage="0.0" maxCyclomaticComplexity="0" minCyclomaticComplexity="0" maxCrapScore="0" minCrapScore="0" visitedClasses="1" numClasses="1" visitedMethods="1" numMethods="1" />
          <FullName>PauseButtonTestScript/&lt;&gt;c__DisplayClass15_0</FullName>
          <Methods>
            <Method visited="true" cyclomaticComplexity="0" nPathComplexity="0" sequenceCoverage="100.0" branchCoverage="0" crapScore="0" isConstructor="false" isStatic="false" isGetter="false" isSetter="false">
              <Summary numSequencePoints="1" visitedSequencePoints="1" numBranchPoints="0" visitedBranchPoints="0" sequenceCoverage="100.0" branchCoverage="0" maxCyclomaticComplexity="0" minCyclomaticComplexity="0" maxCrapScore="0" minCrapScore="0" visitedClasses="0" numClasses="0" visitedMethods="1" numMethods="1" />
              <MetadataToken>100663321</MetadataToken>
              <Name>System.Void PauseButtonTestScript/&lt;&gt;c__DisplayClass15_0::&lt;PauseGame_WithNullUI_DoesNotThrowException&gt;b__0()</Name>
              <FileRef uid="4" />
              <SequencePoints>
                <SequencePoint vc="1" uspid="749" ordinal="0" offset="0" sl="164" sc="35" el="164" ec="35" bec="0" bev="0" fileid="4" />
              </SequencePoints>
              <BranchPoints />
            </Method>
          </Methods>
        </Class>
        <Class>
          <Summary numSequencePoints="1" visitedSequencePoints="1" numBranchPoints="0" visitedBranchPoints="0" sequenceCoverage="100.0" branchCoverage="0.0" maxCyclomaticComplexity="0" minCyclomaticComplexity="0" maxCrapScore="0" minCrapScore="0" visitedClasses="1" numClasses="1" visitedMethods="1" numMethods="1" />
          <FullName>PauseButtonTestScript/&lt;&gt;c__DisplayClass16_0</FullName>
          <Methods>
            <Method visited="true" cyclomaticComplexity="0" nPathComplexity="0" sequenceCoverage="100.0" branchCoverage="0" crapScore="0" isConstructor="false" isStatic="false" isGetter="false" isSetter="false">
              <Summary numSequencePoints="1" visitedSequencePoints="1" numBranchPoints="0" visitedBranchPoints="0" sequenceCoverage="100.0" branchCoverage="0" maxCyclomaticComplexity="0" minCyclomaticComplexity="0" maxCrapScore="0" minCrapScore="0" visitedClasses="0" numClasses="0" visitedMethods="1" numMethods="1" />
              <MetadataToken>100663323</MetadataToken>
              <Name>System.Void PauseButtonTestScript/&lt;&gt;c__DisplayClass16_0::&lt;ResumeGame_WithNullUI_DoesNotThrowException&gt;b__0()</Name>
              <FileRef uid="4" />
              <SequencePoints>
                <SequencePoint vc="1" uspid="750" ordinal="0" offset="0" sl="179" sc="35" el="179" ec="35" bec="0" bev="0" fileid="4" />
              </SequencePoints>
              <BranchPoints />
            </Method>
          </Methods>
        </Class>
        <Class>
          <Summary numSequencePoints="1" visitedSequencePoints="1" numBranchPoints="0" visitedBranchPoints="0" sequenceCoverage="100.0" branchCoverage="0.0" maxCyclomaticComplexity="0" minCyclomaticComplexity="0" maxCrapScore="0" minCrapScore="0" visitedClasses="1" numClasses="1" visitedMethods="1" numMethods="1" />
          <FullName>PauseButtonTestScript/&lt;&gt;c__DisplayClass17_0</FullName>
          <Methods>
            <Method visited="true" cyclomaticComplexity="0" nPathComplexity="0" sequenceCoverage="100.0" branchCoverage="0" crapScore="0" isConstructor="false" isStatic="false" isGetter="false" isSetter="false">
              <Summary numSequencePoints="1" visitedSequencePoints="1" numBranchPoints="0" visitedBranchPoints="0" sequenceCoverage="100.0" branchCoverage="0" maxCyclomaticComplexity="0" minCyclomaticComplexity="0" maxCrapScore="0" minCrapScore="0" visitedClasses="0" numClasses="0" visitedMethods="1" numMethods="1" />
              <MetadataToken>100663325</MetadataToken>
              <Name>System.Void PauseButtonTestScript/&lt;&gt;c__DisplayClass17_0::&lt;Start_WithNullUI_DoesNotThrowException&gt;b__0()</Name>
              <FileRef uid="4" />
              <SequencePoints>
                <SequencePoint vc="1" uspid="751" ordinal="0" offset="0" sl="197" sc="35" el="197" ec="35" bec="0" bev="0" fileid="4" />
              </SequencePoints>
              <BranchPoints />
            </Method>
          </Methods>
        </Class>
      </Classes>
    </Module>
    <Module>
      <Summary numSequencePoints="26" visitedSequencePoints="24" numBranchPoints="0" visitedBranchPoints="0" sequenceCoverage="92.31" branchCoverage="0.0" maxCyclomaticComplexity="0" minCyclomaticComplexity="0" maxCrapScore="0" minCrapScore="0" visitedClasses="1" numClasses="1" visitedMethods="3" numMethods="3" />
      <ModuleTime>0001-01-01T00:00:00</ModuleTime>
      <ModuleName>GameScript</ModuleName>
      <Files>
        <File uid="5" fullPath="/Users/ayime/Desktop/Code/capstone/CS-26-13/Assets/Scripts/AsteroidController.cs" />
        <File uid="6" fullPath="/Users/ayime/Desktop/Code/capstone/CS-26-13/Assets/Scripts/DebrisController.cs" />
        <File uid="7" fullPath="/Users/ayime/Desktop/Code/capstone/CS-26-13/Assets/Scripts/DebrisMoveScript.cs" />
        <File uid="8" fullPath="/Users/ayime/Desktop/Code/capstone/CS-26-13/Assets/Scripts/DebrisSpawnScript.cs" />
        <File uid="9" fullPath="/Users/ayime/Desktop/Code/capstone/CS-26-13/Assets/Scripts/InputSystem_Actions.cs" />
        <File uid="10" fullPath="/Users/ayime/Desktop/Code/capstone/CS-26-13/Assets/Scripts/MenuNavigationButtons.cs" />
        <File uid="11" fullPath="/Users/ayime/Desktop/Code/capstone/CS-26-13/Assets/Scripts/PauseMenuManager.cs" />
        <File uid="12" fullPath="/Users/ayime/Desktop/Code/capstone/CS-26-13/Assets/Scripts/ProbeController.cs" />
      </Files>
      <Classes>
        <Class>
          <Summary numSequencePoints="26" visitedSequencePoints="24" numBranchPoints="0" visitedBranchPoints="0" sequenceCoverage="92.31" branchCoverage="0.0" maxCyclomaticComplexity="0" minCyclomaticComplexity="0" maxCrapScore="0" minCrapScore="0" visitedClasses="1" numClasses="1" visitedMethods="3" numMethods="3" />
          <FullName>PauseMenuManager</FullName>
          <Methods>
            <Method visited="true" cyclomaticComplexity="0" nPathComplexity="0" sequenceCoverage="100.0" branchCoverage="0" crapScore="0" isConstructor="false" isStatic="false" isGetter="false" isSetter="false">
              <Summary numSequencePoints="8" visitedSequencePoints="8" numBranchPoints="0" visitedBranchPoints="0" sequenceCoverage="100.0" branchCoverage="0" maxCyclomaticComplexity="0" minCyclomaticComplexity="0" maxCrapScore="0" minCrapScore="0" visitedClasses="0" numClasses="0" visitedMethods="1" numMethods="1" />
              <MetadataToken>100663340</MetadataToken>
              <Name>System.Void PauseMenuManager::Start()</Name>
              <FileRef uid="11" />
              <SequencePoints>
                <SequencePoint vc="13" uspid="855" ordinal="0" offset="0" sl="19" sc="9" el="19" ec="9" bec="0" bev="0" fileid="11" />
                <SequencePoint vc="12" uspid="856" ordinal="0" offset="14" sl="20" sc="13" el="20" ec="13" bec="0" bev="0" fileid="11" />
                <SequencePoint vc="13" uspid="857" ordinal="0" offset="26" sl="22" sc="9" el="22" ec="9" bec="0" bev="0" fileid="11" />
                <SequencePoint vc="12" uspid="858" ordinal="0" offset="40" sl="23" sc="13" el="23" ec="13" bec="0" bev="0" fileid="11" />
                <SequencePoint vc="13" uspid="859" ordinal="0" offset="52" sl="26" sc="9" el="26" ec="9" bec="0" bev="0" fileid="11" />
                <SequencePoint vc="13" uspid="860" ordinal="0" offset="62" sl="27" sc="9" el="27" ec="9" bec="0" bev="0" fileid="11" />
                <SequencePoint vc="13" uspid="861" ordinal="0" offset="69" sl="30" sc="9" el="30" ec="9" bec="0" bev="0" fileid="11" />
                <SequencePoint vc="13" uspid="862" ordinal="0" offset="80" sl="31" sc="5" el="31" ec="5" bec="0" bev="0" fileid="11" />
              </SequencePoints>
              <BranchPoints />
            </Method>
            <Method visited="true" cyclomaticComplexity="0" nPathComplexity="0" sequenceCoverage="88.89" branchCoverage="0" crapScore="0" isConstructor="false" isStatic="false" isGetter="false" isSetter="false">
              <Summary numSequencePoints="9" visitedSequencePoints="8" numBranchPoints="0" visitedBranchPoints="0" sequenceCoverage="88.89" branchCoverage="0" maxCyclomaticComplexity="0" minCyclomaticComplexity="0" maxCrapScore="0" minCrapScore="0" visitedClasses="0" numClasses="0" visitedMethods="1" numMethods="1" />
              <MetadataToken>100663341</MetadataToken>
              <Name>System.Void PauseMenuManager::PauseGame()</Name>
              <FileRef uid="11" />
              <SequencePoints>
                <SequencePoint vc="11" uspid="863" ordinal="0" offset="0" sl="35" sc="9" el="35" ec="9" bec="0" bev="0" fileid="11" />
                <SequencePoint vc="11" uspid="864" ordinal="0" offset="7" sl="36" sc="9" el="36" ec="9" bec="0" bev="0" fileid="11" />
                <SequencePoint vc="11" uspid="865" ordinal="0" offset="17" sl="38" sc="9" el="38" ec="9" bec="0" bev="0" fileid="11" />
                <SequencePoint vc="10" uspid="866" ordinal="0" offset="31" sl="39" sc="13" el="39" ec="13" bec="0" bev="0" fileid="11" />
                <SequencePoint vc="11" uspid="867" ordinal="0" offset="43" sl="41" sc="9" el="41" ec="9" bec="0" bev="0" fileid="11" />
                <SequencePoint vc="10" uspid="868" ordinal="0" offset="57" sl="42" sc="13" el="42" ec="13" bec="0" bev="0" fileid="11" />
                <SequencePoint vc="11" uspid="869" ordinal="0" offset="69" sl="45" sc="9" el="45" ec="9" bec="0" bev="0" fileid="11" />
                <SequencePoint vc="0" uspid="870" ordinal="0" offset="83" sl="47" sc="13" el="47" ec="13" bec="0" bev="0" fileid="11" />
                <SequencePoint vc="11" uspid="871" ordinal="0" offset="94" sl="49" sc="5" el="49" ec="5" bec="0" bev="0" fileid="11" />
              </SequencePoints>
              <BranchPoints />
            </Method>
            <Method visited="true" cyclomaticComplexity="0" nPathComplexity="0" sequenceCoverage="88.89" branchCoverage="0" crapScore="0" isConstructor="false" isStatic="false" isGetter="false" isSetter="false">
              <Summary numSequencePoints="9" visitedSequencePoints="8" numBranchPoints="0" visitedBranchPoints="0" sequenceCoverage="88.89" branchCoverage="0" maxCyclomaticComplexity="0" minCyclomaticComplexity="0" maxCrapScore="0" minCrapScore="0" visitedClasses="0" numClasses="0" visitedMethods="1" numMethods="1" />
              <MetadataToken>100663342</MetadataToken>
              <Name>System.Void PauseMenuManager::ResumeGame()</Name>
              <FileRef uid="11" />
              <SequencePoints>
                <SequencePoint vc="7" uspid="872" ordinal="0" offset="0" sl="53" sc="9" el="53" ec="9" bec="0" bev="0" fileid="11" />
                <SequencePoint vc="7" uspid="873" ordinal="0" offset="7" sl="54" sc="9" el="54" ec="9" bec="0" bev="0" fileid="11" />
                <SequencePoint vc="7" uspid="874" ordinal="0" offset="17" sl="56" sc="9" el="56" ec="9" bec="0" bev="0" fileid="11" />
                <SequencePoint vc="6" uspid="875" ordinal="0" offset="31" sl="57" sc="13" el="57" ec="13" bec="0" bev="0" fileid="11" />
                <SequencePoint vc="7" uspid="876" ordinal="0" offset="43" sl="59" sc="9" el="59" ec="9" bec="0" bev="0" fileid="11" />
                <SequencePoint vc="6" uspid="877" ordinal="0" offset="57" sl="60" sc="13" el="60" ec="13" bec="0" bev="0" fileid="11" />
                <SequencePoint vc="7" uspid="878" ordinal="0" offset="69" sl="63" sc="9" el="63" ec="9" bec="0" bev="0" fileid="11" />
                <SequencePoint vc="0" uspid="879" ordinal="0" offset="83" sl="65" sc="13" el="65" ec="13" bec="0" bev="0" fileid="11" />
                <SequencePoint vc="7" uspid="880" ordinal="0" offset="94" sl="67" sc="5" el="67" ec="5" bec="0" bev="0" fileid="11" />
              </SequencePoints>
              <BranchPoints />
            </Method>
          </Methods>
        </Class>
      </Classes>
    </Module>
  </Modules>
</CoverageSession>